<?xml version="1.0" encoding="UTF-8"?>
<testng-results ignored="0" total="1" passed="1" failed="0" skipped="0">
  <reporter-output>
  </reporter-output>
  <suite started-at="2024-09-11T22:13:17 EDT" name="Suite" finished-at="2024-09-11T22:14:18 EDT" duration-ms="60856">
    <groups>
    </groups>
    <test started-at="2024-09-11T22:13:17 EDT" name="Test" finished-at="2024-09-11T22:14:18 EDT" duration-ms="60856">
      <class name="com.vueling.tests.PurchaseTicketTest">
        <test-method is-config="true" signature="launchApp()[pri:0, instance:com.vueling.tests.PurchaseTicketTest@147e2ae7]" started-at="2024-09-11T22:13:17 EDT" name="launchApp" finished-at="2024-09-11T22:13:20 EDT" duration-ms="3539" status="PASS">
          <reporter-output>
          </reporter-output>
        </test-method> <!-- launchApp -->
        <test-method signature="purchaseTicketTest(java.util.HashMap)[pri:0, instance:com.vueling.tests.PurchaseTicketTest@147e2ae7]" started-at="2024-09-11T22:13:20 EDT" name="purchaseTicketTest" data-provider="getData" finished-at="2024-09-11T22:14:13 EDT" duration-ms="52966" status="PASS">
          <params>
            <param index="0">
              <value>
                <![CDATA[{originSearch=alm, country=Russia, originResult=Almeria, cvv=123, destinationResult=Paris, cardType=Visa, cardHolder=Eyegor Smith, destinationSearch=par, adultPassengers=1, phone=1234567890, surname=Smith, name=Eyegor, expiry=1025, email=stam@stam.com, cardNumber=4867010002624271}]]>
              </value>
            </param>
          </params>
          <reporter-output>
          </reporter-output>
        </test-method> <!-- purchaseTicketTest -->
        <test-method is-config="true" signature="tearDown()[pri:0, instance:com.vueling.tests.PurchaseTicketTest@147e2ae7]" started-at="2024-09-11T22:14:13 EDT" name="tearDown" finished-at="2024-09-11T22:14:18 EDT" duration-ms="4230" status="PASS">
          <reporter-output>
          </reporter-output>
        </test-method> <!-- tearDown -->
      </class> <!-- com.vueling.tests.PurchaseTicketTest -->
    </test> <!-- Test -->
  </suite> <!-- Suite -->
</testng-results>
