<?xml version="1.0" encoding="UTF-8"?>
<testng-results ignored="0" total="1" passed="1" failed="0" skipped="0">
  <reporter-output>
  </reporter-output>
  <suite started-at="2024-08-27T18:25:35 EDT" name="Default suite" finished-at="2024-08-27T18:27:06 EDT" duration-ms="91187">
    <groups>
    </groups>
    <test started-at="2024-08-27T18:25:35 EDT" name="Default test" finished-at="2024-08-27T18:27:06 EDT" duration-ms="91187">
      <class name="com.vueling.tests.PurchaseTicketTest">
        <test-method is-config="true" signature="launchApp()[pri:0, instance:com.vueling.tests.PurchaseTicketTest@78691363]" started-at="2024-08-27T18:25:35 EDT" name="launchApp" finished-at="2024-08-27T18:25:48 EDT" duration-ms="12735" status="PASS">
          <reporter-output>
          </reporter-output>
        </test-method> <!-- launchApp -->
        <test-method signature="purchaseTicketTest(java.util.HashMap)[pri:0, instance:com.vueling.tests.PurchaseTicketTest@78691363]" started-at="2024-08-27T18:25:48 EDT" name="purchaseTicketTest" data-provider="getData" finished-at="2024-08-27T18:27:03 EDT" duration-ms="75122" status="PASS">
          <params>
            <param index="0">
              <value>
                <![CDATA[{originSearch=alm, country=Russia, originResult=Almeria, cvv=123, destinationResult=Paris, cardType=Visa, cardHolder=Eyegor Smith, destinationSearch=par, adultPassengers=1, phone=1234567890, surname=Smith, name=Eyegor, expiry=1025, email=stam@stam.com, cardNumber=4867010002624271}]]>
              </value>
            </param>
          </params>
          <reporter-output>
          </reporter-output>
        </test-method> <!-- purchaseTicketTest -->
        <test-method is-config="true" signature="tearDown()[pri:0, instance:com.vueling.tests.PurchaseTicketTest@78691363]" started-at="2024-08-27T18:27:03 EDT" name="tearDown" finished-at="2024-08-27T18:27:06 EDT" duration-ms="3006" status="PASS">
          <reporter-output>
          </reporter-output>
        </test-method> <!-- tearDown -->
      </class> <!-- com.vueling.tests.PurchaseTicketTest -->
    </test> <!-- Default test -->
  </suite> <!-- Default suite -->
</testng-results>
